#
# A fatal error has been detected by the Java Runtime Environment:
#
#  EXCEPTION_ACCESS_VIOLATION (0xc0000005) at pc=0x69284ebf, pid=6280, tid=0x0000191c
#
# JRE version: Java(TM) SE Runtime Environment (8.0_101-b13) (build 1.8.0_101-b13)
# Java VM: Java HotSpot(TM) Client VM (25.101-b13 mixed mode windows-x86 )
# Problematic frame:
# C  [atioglxx.dll+0x284ebf]
#
# Failed to write core dump. Minidumps are not enabled by default on client versions of Windows
#
# If you would like to submit a bug report, please visit:
#   http://bugreport.java.com/bugreport/crash.jsp
# The crash happened outside the Java Virtual Machine in native code.
# See problematic frame for where to report the bug.
#

---------------  T H R E A D  ---------------

Current thread (0x003c9c00):  JavaThread "main" [_thread_in_native, id=6428, stack(0x00a10000,0x00a60000)]

siginfo: ExceptionCode=0xc0000005, writing address 0x00000000

Registers:
EAX=0x00000000, EBX=0x0002b6c1, ECX=0x73169580, EDX=0x0000002a
ESP=0x00a5f870, EBP=0x1396210c, ESI=0x00000000, EDI=0x00000000
EIP=0x69284ebf, EFLAGS=0x00010287

Top of Stack: (sp=0x00a5f870)
0x00a5f870:   1372cfc0 692b2553 1372cfc0 00000000
0x00a5f880:   003c9c00 00a5f8d0 00000000 00a5f8e8
0x00a5f890:   00000001 770486c0 00000000 00000004
0x00a5f8a0:   135d9c9e 00000de1 0002b6c1 00bc14f3
0x00a5f8b0:   003c9d40 00a5f8d0 00000de1 0002b6c1
0x00a5f8c0:   5f162fa4 00000000 03e3ea18 00000001
0x00a5f8d0:   0819fa30 00000000 03e3b430 00baebcc
0x00a5f8e0:   03e36bb8 00000076 00a5fcbc 00bdc85c 

Instructions: (pc=0x69284ebf)
0x69284e9f:   fa 01 74 08 5f 5e 32 c0 5d c2 08 00 8b 54 24 14
0x69284eaf:   89 54 99 0c c7 00 02 00 00 00 8b 44 24 14 5f 5e
0x69284ebf:   c7 00 01 00 00 00 b0 01 5d c2 08 00 cc cc cc cc
0x69284ecf:   cc 57 8b f8 81 ff 00 10 00 00 73 06 8b 44 ba 0c 


Register to memory mapping:

EAX=0x00000000 is an unknown value
EBX=0x0002b6c1 is an unknown value
ECX=0x73169580 is an unknown value
EDX=0x0000002a is an unknown value
ESP=0x00a5f870 is pointing into the stack for thread: 0x003c9c00
EBP=0x1396210c is an unknown value
ESI=0x00000000 is an unknown value
EDI=0x00000000 is an unknown value


Stack: [0x00a10000,0x00a60000],  sp=0x00a5f870,  free space=318k
Native frames: (J=compiled Java code, j=interpreted, Vv=VM code, C=native code)
C  [atioglxx.dll+0x284ebf]

Java frames: (J=compiled Java code, j=interpreted, Vv=VM code)
J 457  org.lwjgl.opengl.GL11.nglBindTexture(IIJ)V (0 bytes) @ 0x00bc14af [0x00bc1460+0x4f]
J 542 C1 org.newdawn.slick.opengl.InternalTextureLoader.getTexture(Ljava/io/InputStream;Ljava/lang/String;IIIZ[I)Lorg/newdawn/slick/opengl/TextureImpl; (325 bytes) @ 0x00bdc85c [0x00bdc570+0x2ec]
J 541 C1 org.newdawn.slick.opengl.InternalTextureLoader.getTexture(Ljava/io/InputStream;Ljava/lang/String;ZI[I)Lorg/newdawn/slick/opengl/TextureImpl; (290 bytes) @ 0x00bdae40 [0x00bda8d0+0x570]
J 537 C1 org.newdawn.slick.opengl.TextureLoader.getTexture(Ljava/lang/String;Ljava/io/InputStream;ZI)Lorg/newdawn/slick/opengl/Texture; (36 bytes) @ 0x00bd9920 [0x00bd9790+0x190]
J 448 C1 com.jakibah.infinyvale.Inventory.Draw()V (86 bytes) @ 0x00bbd980 [0x00bbd7a0+0x1e0]
J 694 C1 com.jakibah.infinyvale.Player.Update()V (40 bytes) @ 0x00c0c740 [0x00c0c710+0x30]
J 692 C1 com.jakibah.infinyvale.Game.Update()V (21 bytes) @ 0x00c0c18c [0x00c0c100+0x8c]
j  com.jakibah.infinyvale.Canvas.CreateCanvas(IILjava/lang/String;I)V+98
j  com.jakibah.infinyvale.Game.main([Ljava/lang/String;)V+10
v  ~StubRoutines::call_stub

---------------  P R O C E S S  ---------------

Java Threads: ( => current thread )
  0x132cdc00 JavaThread "LWJGL Timer" daemon [_thread_blocked, id=6148, stack(0x23ba0000,0x23bf0000)]
  0x133d6800 JavaThread "AWT-Windows" daemon [_thread_in_native, id=6204, stack(0x23920000,0x23970000)]
  0x133bac00 JavaThread "Java2D Disposer" daemon [_thread_blocked, id=6868, stack(0x23780000,0x237d0000)]
  0x13215400 JavaThread "Service Thread" daemon [_thread_blocked, id=7752, stack(0x13530000,0x13580000)]
  0x13210800 JavaThread "C1 CompilerThread0" daemon [_thread_blocked, id=7236, stack(0x134e0000,0x13530000)]
  0x1320f000 JavaThread "Attach Listener" daemon [_thread_blocked, id=6568, stack(0x13490000,0x134e0000)]
  0x1320e400 JavaThread "Signal Dispatcher" daemon [_thread_blocked, id=4292, stack(0x13440000,0x13490000)]
  0x02bfd800 JavaThread "Finalizer" daemon [_thread_blocked, id=3600, stack(0x133f0000,0x13440000)]
  0x02bfc000 JavaThread "Reference Handler" daemon [_thread_blocked, id=1900, stack(0x131a0000,0x131f0000)]
=>0x003c9c00 JavaThread "main" [_thread_in_native, id=6428, stack(0x00a10000,0x00a60000)]

Other Threads:
  0x02bf7400 VMThread [stack: 0x13150000,0x131a0000] [id=3400]
  0x13235c00 WatcherThread [stack: 0x13580000,0x135d0000] [id=6696]

VM state:not at safepoint (normal execution)

VM Mutex/Monitor currently owned by a thread: None

Heap:
 def new generation   total 21632K, used 20166K [0x02c00000, 0x04370000, 0x08150000)
  eden space 19264K,  98% used [0x02c00000, 0x03e83a58, 0x03ed0000)
  from space 2368K,  51% used [0x04120000, 0x0424e0d0, 0x04370000)
  to   space 2368K,   0% used [0x03ed0000, 0x03ed0000, 0x04120000)
 tenured generation   total 47988K, used 47876K [0x08150000, 0x0b02d000, 0x12c00000)
   the space 47988K,  99% used [0x08150000, 0x0b0111f8, 0x0b011200, 0x0b02d000)
 Metaspace       used 5667K, capacity 5823K, committed 5888K, reserved 6528K

Card table byte_map: [0x12c00000,0x12c90000] byte_map_base: 0x12bea000

Polling page: 0x003f0000

CodeCache: size=32768Kb used=1710Kb max_used=1710Kb free=31057Kb
 bounds [0x00a80000, 0x00c30000, 0x02a80000]
 total_blobs=1048 nmethods=789 adapters=191
 compilation: enabled

Compilation events (10 events):
Event: 44.806 Thread 0x13210800  787   !         org.lwjgl.opengl.Display::swapBuffers (55 bytes)
Event: 44.806 Thread 0x13210800 nmethod 787 0x00c29608 code [0x00c29730, 0x00c29ac8]
Event: 44.806 Thread 0x13210800  788   !         org.lwjgl.opengl.Display::processMessages (44 bytes)
Event: 44.821 Thread 0x13210800 nmethod 788 0x00c29c88 code [0x00c29e20, 0x00c2a544]
Event: 44.821 Thread 0x13210800  789             org.lwjgl.opengl.Display::pollDevices (31 bytes)
Event: 44.822 Thread 0x13210800 nmethod 789 0x00c2aa88 code [0x00c2ac00, 0x00c2b058]
Event: 44.838 Thread 0x13210800  790   !         org.lwjgl.opengl.Display::isCloseRequested (38 bytes)
Event: 44.838 Thread 0x13210800 nmethod 790 0x00c2b488 code [0x00c2b5b0, 0x00c2b94c]
Event: 44.838 Thread 0x13210800  791             org.lwjgl.opengl.Display::sync (5 bytes)
Event: 44.838 Thread 0x13210800 nmethod 791 0x00c2bb48 code [0x00c2bc40, 0x00c2bcbc]

GC Heap History (10 events):
Event: 127.914 GC heap before
{Heap before GC invocations=719 (full 5):
 def new generation   total 21632K, used 20471K [0x02c00000, 0x04370000, 0x08150000)
  eden space 19264K, 100% used [0x02c00000, 0x03ed0000, 0x03ed0000)
  from space 2368K,  50% used [0x03ed0000, 0x03ffde28, 0x04120000)
  to   space 2368K,   0% used [0x04120000, 0x04120000, 0x04370000)
 tenured generation   total 47988K, used 47040K [0x08150000, 0x0b02d000, 0x12c00000)
   the space 47988K,  98% used [0x08150000, 0x0af40028, 0x0af40200, 0x0b02d000)
 Metaspace       used 5667K, capacity 5823K, committed 5888K, reserved 6528K
Event: 127.924 GC heap after
Heap after GC invocations=720 (full 5):
 def new generation   total 21632K, used 1192K [0x02c00000, 0x04370000, 0x08150000)
  eden space 19264K,   0% used [0x02c00000, 0x02c00000, 0x03ed0000)
  from space 2368K,  50% used [0x04120000, 0x0424a350, 0x04370000)
  to   space 2368K,   0% used [0x03ed0000, 0x03ed0000, 0x04120000)
 tenured generation   total 47988K, used 47206K [0x08150000, 0x0b02d000, 0x12c00000)
   the space 47988K,  98% used [0x08150000, 0x0af69bf0, 0x0af69c00, 0x0b02d000)
 Metaspace       used 5667K, capacity 5823K, committed 5888K, reserved 6528K
}
Event: 128.327 GC heap before
{Heap before GC invocations=720 (full 5):
 def new generation   total 21632K, used 20456K [0x02c00000, 0x04370000, 0x08150000)
  eden space 19264K, 100% used [0x02c00000, 0x03ed0000, 0x03ed0000)
  from space 2368K,  50% used [0x04120000, 0x0424a350, 0x04370000)
  to   space 2368K,   0% used [0x03ed0000, 0x03ed0000, 0x04120000)
 tenured generation   total 47988K, used 47206K [0x08150000, 0x0b02d000, 0x12c00000)
   the space 47988K,  98% used [0x08150000, 0x0af69bf0, 0x0af69c00, 0x0b02d000)
 Metaspace       used 5667K, capacity 5823K, committed 5888K, reserved 6528K
Event: 128.335 GC heap after
Heap after GC invocations=721 (full 5):
 def new generation   total 21632K, used 1193K [0x02c00000, 0x04370000, 0x08150000)
  eden space 19264K,   0% used [0x02c00000, 0x02c00000, 0x03ed0000)
  from space 2368K,  50% used [0x03ed0000, 0x03ffa488, 0x04120000)
  to   space 2368K,   0% used [0x04120000, 0x04120000, 0x04370000)
 tenured generation   total 47988K, used 47374K [0x08150000, 0x0b02d000, 0x12c00000)
   the space 47988K,  98% used [0x08150000, 0x0af93928, 0x0af93a00, 0x0b02d000)
 Metaspace       used 5667K, capacity 5823K, committed 5888K, reserved 6528K
}
Event: 128.590 GC heap before
{Heap before GC invocations=721 (full 5):
 def new generation   total 21632K, used 20457K [0x02c00000, 0x04370000, 0x08150000)
  eden space 19264K, 100% used [0x02c00000, 0x03ed0000, 0x03ed0000)
  from space 2368K,  50% used [0x03ed0000, 0x03ffa488, 0x04120000)
  to   space 2368K,   0% used [0x04120000, 0x04120000, 0x04370000)
 tenured generation   total 47988K, used 47374K [0x08150000, 0x0b02d000, 0x12c00000)
   the space 47988K,  98% used [0x08150000, 0x0af93928, 0x0af93a00, 0x0b02d000)
 Metaspace       used 5667K, capacity 5823K, committed 5888K, reserved 6528K
Event: 128.599 GC heap after
Heap after GC invocations=722 (full 5):
 def new generation   total 21632K, used 1208K [0x02c00000, 0x04370000, 0x08150000)
  eden space 19264K,   0% used [0x02c00000, 0x02c00000, 0x03ed0000)
  from space 2368K,  51% used [0x04120000, 0x0424e3e8, 0x04370000)
  to   space 2368K,   0% used [0x03ed0000, 0x03ed0000, 0x04120000)
 tenured generation   total 47988K, used 47541K [0x08150000, 0x0b02d000, 0x12c00000)
   the space 47988K,  99% used [0x08150000, 0x0afbd698, 0x0afbd800, 0x0b02d000)
 Metaspace       used 5667K, capacity 5823K, committed 5888K, reserved 6528K
}
Event: 128.998 GC heap before
{Heap before GC invocations=722 (full 5):
 def new generation   total 21632K, used 20472K [0x02c00000, 0x04370000, 0x08150000)
  eden space 19264K, 100% used [0x02c00000, 0x03ed0000, 0x03ed0000)
  from space 2368K,  51% used [0x04120000, 0x0424e3e8, 0x04370000)
  to   space 2368K,   0% used [0x03ed0000, 0x03ed0000, 0x04120000)
 tenured generation   total 47988K, used 47541K [0x08150000, 0x0b02d000, 0x12c00000)
   the space 47988K,  99% used [0x08150000, 0x0afbd698, 0x0afbd800, 0x0b02d000)
 Metaspace       used 5667K, capacity 5823K, committed 5888K, reserved 6528K
Event: 129.006 GC heap after
Heap after GC invocations=723 (full 5):
 def new generation   total 21632K, used 1200K [0x02c00000, 0x04370000, 0x08150000)
  eden space 19264K,   0% used [0x02c00000, 0x02c00000, 0x03ed0000)
  from space 2368K,  50% used [0x03ed0000, 0x03ffc048, 0x04120000)
  to   space 2368K,   0% used [0x04120000, 0x04120000, 0x04370000)
 tenured generation   total 47988K, used 47708K [0x08150000, 0x0b02d000, 0x12c00000)
   the space 47988K,  99% used [0x08150000, 0x0afe7380, 0x0afe7400, 0x0b02d000)
 Metaspace       used 5667K, capacity 5823K, committed 5888K, reserved 6528K
}
Event: 129.286 GC heap before
{Heap before GC invocations=723 (full 5):
 def new generation   total 21632K, used 20464K [0x02c00000, 0x04370000, 0x08150000)
  eden space 19264K, 100% used [0x02c00000, 0x03ed0000, 0x03ed0000)
  from space 2368K,  50% used [0x03ed0000, 0x03ffc048, 0x04120000)
  to   space 2368K,   0% used [0x04120000, 0x04120000, 0x04370000)
 tenured generation   total 47988K, used 47708K [0x08150000, 0x0b02d000, 0x12c00000)
   the space 47988K,  99% used [0x08150000, 0x0afe7380, 0x0afe7400, 0x0b02d000)
 Metaspace       used 5667K, capacity 5823K, committed 5888K, reserved 6528K
Event: 129.295 GC heap after
Heap after GC invocations=724 (full 5):
 def new generation   total 21632K, used 1208K [0x02c00000, 0x04370000, 0x08150000)
  eden space 19264K,   0% used [0x02c00000, 0x02c00000, 0x03ed0000)
  from space 2368K,  51% used [0x04120000, 0x0424e0d0, 0x04370000)
  to   space 2368K,   0% used [0x03ed0000, 0x03ed0000, 0x04120000)
 tenured generation   total 47988K, used 47876K [0x08150000, 0x0b02d000, 0x12c00000)
   the space 47988K,  99% used [0x08150000, 0x0b0111f8, 0x0b011200, 0x0b02d000)
 Metaspace       used 5667K, capacity 5823K, committed 5888K, reserved 6528K
}

Deoptimization events (0 events):
No events

Internal exceptions (9 events):
Event: 0.049 Thread 0x003c9c00 Exception <a 'java/lang/NoSuchMethodError': Method sun.misc.Unsafe.defineClass(Ljava/lang/String;[BII)Ljava/lang/Class; name or signature does not match> (0x02c06ea8) thrown at [C:\re\workspace\8-2-build-windows-i586-cygwin\jdk8u101\7261\hotspot\src\share\β\
Event: 0.050 Thread 0x003c9c00 Exception <a 'java/lang/NoSuchMethodError': Method sun.misc.Unsafe.prefetchRead(Ljava/lang/Object;J)V name or signature does not match> (0x02c07178) thrown at [C:\re\workspace\8-2-build-windows-i586-cygwin\jdk8u101\7261\hotspot\src\share\vm\prims\jni.cpp, ¦+Φ΄*μα?
Event: 0.560 Thread 0x003c9c00 Exception <a 'java/security/PrivilegedActionException'> (0x02f43ea0) thrown at [C:\re\workspace\8-2-build-windows-i586-cygwin\jdk8u101\7261\hotspot\src\share\vm\prims\jvm.cpp, line 1386]
Event: 0.560 Thread 0x003c9c00 Exception <a 'java/security/PrivilegedActionException'> (0x02f440a0) thrown at [C:\re\workspace\8-2-build-windows-i586-cygwin\jdk8u101\7261\hotspot\src\share\vm\prims\jvm.cpp, line 1386]
Event: 0.561 Thread 0x003c9c00 Exception <a 'java/security/PrivilegedActionException'> (0x02f47b48) thrown at [C:\re\workspace\8-2-build-windows-i586-cygwin\jdk8u101\7261\hotspot\src\share\vm\prims\jvm.cpp, line 1386]
Event: 0.561 Thread 0x003c9c00 Exception <a 'java/security/PrivilegedActionException'> (0x02f47d48) thrown at [C:\re\workspace\8-2-build-windows-i586-cygwin\jdk8u101\7261\hotspot\src\share\vm\prims\jvm.cpp, line 1386]
Event: 0.666 Thread 0x003c9c00 Exception <a 'java/io/FileNotFoundException'> (0x02c4cb70) thrown at [C:\re\workspace\8-2-build-windows-i586-cygwin\jdk8u101\7261\hotspot\src\share\vm\prims\jni.cpp, line 709]
Event: 0.717 Thread 0x003c9c00 Exception <a 'java/lang/NoSuchFieldError': method resolution failed> (0x02d07560) thrown at [C:\re\workspace\8-2-build-windows-i586-cygwin\jdk8u101\7261\hotspot\src\share\vm\prims\methodHandles.cpp, line 1146]
Event: 0.719 Thread 0x003c9c00 Exception <a 'java/lang/NoSuchFieldError': method resolution failed> (0x02d13690) thrown at [C:\re\workspace\8-2-build-windows-i586-cygwin\jdk8u101\7261\hotspot\src\share\vm\prims\methodHandles.cpp, line 1146]

Events (10 events):
Event: 127.914 Executing VM operation: GenCollectForAllocation
Event: 127.924 Executing VM operation: GenCollectForAllocation done
Event: 128.263 Executing VM operation: GenCollectForAllocation
Event: 128.335 Executing VM operation: GenCollectForAllocation done
Event: 128.590 Executing VM operation: GenCollectForAllocation
Event: 128.599 Executing VM operation: GenCollectForAllocation done
Event: 128.878 Executing VM operation: GenCollectForAllocation
Event: 129.006 Executing VM operation: GenCollectForAllocation done
Event: 129.286 Executing VM operation: GenCollectForAllocation
Event: 129.296 Executing VM operation: GenCollectForAllocation done


Dynamic libraries:
0x00400000 - 0x00433000 	C:\Program Files\Java\jdk1.8.0_101\bin\javaw.exe
0x7c900000 - 0x7c9b8000 	C:\WINDOWS\system32\ntdll.dll
0x7c800000 - 0x7c8ff000 	C:\WINDOWS\system32\kernel32.dll
0x77f40000 - 0x77feb000 	C:\WINDOWS\system32\ADVAPI32.dll
0x77da0000 - 0x77e32000 	C:\WINDOWS\system32\RPCRT4.dll
0x77f10000 - 0x77f21000 	C:\WINDOWS\system32\Secur32.dll
0x7e390000 - 0x7e420000 	C:\WINDOWS\system32\USER32.dll
0x77e40000 - 0x77e88000 	C:\WINDOWS\system32\GDI32.dll
0x77390000 - 0x77493000 	C:\WINDOWS\WinSxS\x86_Microsoft.Windows.Common-Controls_6595b64144ccf1df_6.0.2600.2982_x-ww_ac3f9c03\COMCTL32.dll
0x77be0000 - 0x77c38000 	C:\WINDOWS\system32\msvcrt.dll
0x77e90000 - 0x77f06000 	C:\WINDOWS\system32\SHLWAPI.dll
0x76330000 - 0x7634d000 	C:\WINDOWS\system32\IMM32.DLL
0x78aa0000 - 0x78b5f000 	C:\Program Files\Java\jdk1.8.0_101\jre\bin\msvcr100.dll
0x6d240000 - 0x6d60c000 	C:\Program Files\Java\jdk1.8.0_101\jre\bin\client\jvm.dll
0x71a50000 - 0x71a5a000 	C:\WINDOWS\system32\WSOCK32.dll
0x71a30000 - 0x71a47000 	C:\WINDOWS\system32\WS2_32.dll
0x71a20000 - 0x71a28000 	C:\WINDOWS\system32\WS2HELP.dll
0x76af0000 - 0x76b1e000 	C:\WINDOWS\system32\WINMM.dll
0x77bd0000 - 0x77bd8000 	C:\WINDOWS\system32\VERSION.dll
0x76bb0000 - 0x76bbb000 	C:\WINDOWS\system32\PSAPI.DLL
0x70800000 - 0x7080c000 	C:\Program Files\Java\jdk1.8.0_101\jre\bin\verify.dll
0x6db10000 - 0x6db31000 	C:\Program Files\Java\jdk1.8.0_101\jre\bin\java.dll
0x70890000 - 0x708a3000 	C:\Program Files\Java\jdk1.8.0_101\jre\bin\zip.dll
0x7c9c0000 - 0x7d1e2000 	C:\WINDOWS\system32\SHELL32.dll
0x76970000 - 0x76a24000 	C:\WINDOWS\system32\USERENV.dll
0x135d0000 - 0x1361f000 	C:\Documents and Settings\Mark\git\Infinyvale\Infinyvale\lib\native\lwjgl.dll
0x5f160000 - 0x5f22c000 	C:\WINDOWS\system32\OPENGL32.dll
0x5f400000 - 0x5f421000 	C:\WINDOWS\system32\GLU32.dll
0x736d0000 - 0x73719000 	C:\WINDOWS\system32\DDRAW.dll
0x73b30000 - 0x73b36000 	C:\WINDOWS\system32\DCIMAN32.dll
0x5b190000 - 0x5b1c8000 	C:\WINDOWS\system32\uxtheme.dll
0x746a0000 - 0x746eb000 	C:\WINDOWS\system32\MSCTF.dll
0x75250000 - 0x7527e000 	C:\WINDOWS\system32\msctfime.ime
0x774a0000 - 0x775dd000 	C:\WINDOWS\system32\ole32.dll
0x69000000 - 0x694dd000 	C:\WINDOWS\system32\atioglxx.dll
0x73aa0000 - 0x73ab5000 	C:\WINDOWS\system32\mscms.dll
0x72f70000 - 0x72f96000 	C:\WINDOWS\system32\WINSPOOL.DRV
0x68cd0000 - 0x68d11000 	C:\WINDOWS\system32\icm32.dll
0x6d0e0000 - 0x6d225000 	C:\Program Files\Java\jdk1.8.0_101\jre\bin\awt.dll
0x770e0000 - 0x7716b000 	C:\WINDOWS\system32\OLEAUT32.dll
0x6ff90000 - 0x6ffa6000 	C:\Program Files\Java\jdk1.8.0_101\jre\bin\net.dll
0x6ffb0000 - 0x6ffbf000 	C:\Program Files\Java\jdk1.8.0_101\jre\bin\nio.dll
0x719d0000 - 0x71a10000 	C:\WINDOWS\system32\MSWSOCK.dll
0x13c30000 - 0x13c58000 	C:\WINDOWS\system32\rsaenh.dll
0x6ff20000 - 0x6ff74000 	C:\WINDOWS\system32\netapi32.dll
0x76d20000 - 0x76d39000 	C:\WINDOWS\system32\IPHLPAPI.DLL
0x76d00000 - 0x76d18000 	C:\WINDOWS\system32\MPRAPI.dll
0x77c90000 - 0x77cc2000 	C:\WINDOWS\system32\ACTIVEDS.dll
0x76dd0000 - 0x76df5000 	C:\WINDOWS\system32\adsldpc.dll
0x76f20000 - 0x76f4d000 	C:\WINDOWS\system32\WLDAP32.dll
0x76ad0000 - 0x76ae1000 	C:\WINDOWS\system32\ATL.DLL
0x76e40000 - 0x76e4e000 	C:\WINDOWS\system32\rtutils.dll
0x71b80000 - 0x71b93000 	C:\WINDOWS\system32\SAMLIB.dll
0x778e0000 - 0x779d7000 	C:\WINDOWS\system32\SETUPAPI.dll
0x6d8e0000 - 0x6d919000 	C:\Program Files\Java\jdk1.8.0_101\jre\bin\fontmanager.dll
0x4fd10000 - 0x4feb6000 	C:\WINDOWS\system32\d3d9.dll
0x6deb0000 - 0x6deb6000 	C:\WINDOWS\system32\d3d8thk.dll
0x707a0000 - 0x707d2000 	C:\Program Files\Java\jdk1.8.0_101\jre\bin\t2k.dll

VM Arguments:
jvm_args: -Djava.library.path=C:\Documents and Settings\Mark\git\Infinyvale\Infinyvale\lib\native -Dfile.encoding=Cp1252 
java_command: com.jakibah.infinyvale.Game
java_class_path (initial): C:\Documents and Settings\Mark\git\Infinyvale\Infinyvale\bin;C:\Documents and Settings\Mark\git\Infinyvale\Infinyvale\lib\jars\jinput.jar;C:\Documents and Settings\Mark\git\Infinyvale\Infinyvale\lib\jars\lwjgl_util.jar;C:\Documents and Settings\Mark\git\Infinyvale\Infinyvale\lib\jars\lwjgl.jar;C:\Documents and Settings\Mark\git\Infinyvale\Infinyvale\lib\jars\slick-util.jar
Launcher Type: SUN_STANDARD

Environment Variables:
JAVA_HOME=C:\Program Files\Java\jdk1.8.0_101\jre\bin
PATH=C:/Program Files/Java/jdk1.8.0_101/jre/bin/client;C:/Program Files/Java/jdk1.8.0_101/jre/bin;C:/Program Files/Java/jdk1.8.0_101/jre/lib/i386;C:\WINDOWS\system32;C:\WINDOWS;C:\WINDOWS\System32\Wbem;C:\Program Files\Java\jdk1.8.0_101\jre\bin;;C:\Program Files\eclipse;
USERNAME=Mark
OS=Windows_NT
PROCESSOR_IDENTIFIER=x86 Family 6 Model 15 Stepping 2, GenuineIntel



---------------  S Y S T E M  ---------------

OS: Windows 5.1 Build 2600 (5.1.2600.3541)

CPU:total 2 (2 cores per cpu, 1 threads per core) family 6 model 15 stepping 2, cmov, cx8, fxsr, mmx, sse, sse2, sse3, ssse3, tsc

Memory: 4k page, physical 1046364k(4176k free), swap 2518144k(270056k free)

vm_info: Java HotSpot(TM) Client VM (25.101-b13) for windows-x86 JRE (1.8.0_101-b13), built on Jun 22 2016 00:45:44 by "java_re" with MS VC++ 10.0 (VS2010)

time: Sun Oct 23 11:53:32 2016
elapsed time: 137 seconds (0d 0h 2m 17s)

